{
  "stats": {
    "suites": 1,
    "tests": 16,
    "passes": 16,
    "pending": 0,
    "failures": 0,
    "start": "2025-11-24T10:59:02.892Z",
    "end": "2025-11-24T10:59:03.078Z",
    "duration": 186,
    "testsRegistered": 16,
    "passPercent": 100,
    "pendingPercent": 0,
    "other": 0,
    "hasOther": false,
    "skipped": 0,
    "hasSkipped": false
  },
  "results": [
    {
      "uuid": "85bd9ee1-585c-46b5-a300-00753be71f67",
      "title": "",
      "fullFile": "",
      "file": "",
      "beforeHooks": [],
      "afterHooks": [],
      "tests": [],
      "suites": [
        {
          "uuid": "89b81a80-c1db-4065-967c-56afbec32b34",
          "title": "Shipping Management API",
          "fullFile": "/Users/n2/Downloads/CRUD-API-for-Cart-Management-Using-Express-Prisma-and-MySQL---AP---LAB---p6s9rmy2ailz-master/CRUD-API-for-Shipping-Management-using-Express-Prisma-and-MySQL---CRUD---Post---4dlijjzrsmtn/__tests__/shipping.test.js",
          "file": "/__tests__/shipping.test.js",
          "beforeHooks": [
            {
              "title": "\"before each\" hook in \"Shipping Management API\"",
              "fullTitle": "Shipping Management API \"before each\" hook in \"Shipping Management API\"",
              "timedOut": false,
              "duration": 0,
              "state": null,
              "speed": null,
              "pass": false,
              "fail": false,
              "pending": false,
              "context": null,
              "code": "// Clear the database\nawait prisma.shipping.deleteMany({});",
              "err": {},
              "uuid": "8294214b-c4e7-41a9-9634-9bdec6368f4b",
              "parentUUID": "89b81a80-c1db-4065-967c-56afbec32b34",
              "isHook": true,
              "skipped": false
            }
          ],
          "afterHooks": [
            {
              "title": "\"after all\" hook in \"Shipping Management API\"",
              "fullTitle": "Shipping Management API \"after all\" hook in \"Shipping Management API\"",
              "timedOut": false,
              "duration": 6,
              "state": null,
              "speed": null,
              "pass": false,
              "fail": false,
              "pending": false,
              "context": null,
              "code": "// Close the connection\nawait prisma.$disconnect();",
              "err": {},
              "uuid": "70349be0-5d55-41ab-a417-004a5c0408c5",
              "parentUUID": "89b81a80-c1db-4065-967c-56afbec32b34",
              "isHook": true,
              "skipped": false
            }
          ],
          "tests": [
            {
              "title": "should find the shipping table in db",
              "fullTitle": "Shipping Management API should find the shipping table in db",
              "timedOut": false,
              "duration": 8,
              "state": "passed",
              "speed": "fast",
              "pass": true,
              "fail": false,
              "pending": false,
              "context": null,
              "code": "// This test just checks if we can query the table\nconst count = await prisma.shipping.count();\nexpect(count).to.equal(0);",
              "err": {},
              "uuid": "f7b029bf-8d46-4602-a905-546f13f3805d",
              "parentUUID": "89b81a80-c1db-4065-967c-56afbec32b34",
              "isHook": false,
              "skipped": false
            },
            {
              "title": "check if userId, count, productId, id are integers and status is string and set to pending by default, and id is autoincremented",
              "fullTitle": "Shipping Management API check if userId, count, productId, id are integers and status is string and set to pending by default, and id is autoincremented",
              "timedOut": false,
              "duration": 22,
              "state": "passed",
              "speed": "fast",
              "pass": true,
              "fail": false,
              "pending": false,
              "context": null,
              "code": "const shipping = await prisma.shipping.create({\n  data: {\n    userId: 1,\n    productId: 2,\n    count: 3\n  }\n});\nexpect(shipping.id).to.be.a('number');\nexpect(shipping.userId).to.be.a('number');\nexpect(shipping.productId).to.be.a('number');\nexpect(shipping.count).to.be.a('number');\nexpect(shipping.status).to.be.a('string');\nexpect(shipping.status).to.equal('pending');",
              "err": {},
              "uuid": "1ca9fd0c-c17e-46c9-b5ef-f979288d5d9f",
              "parentUUID": "89b81a80-c1db-4065-967c-56afbec32b34",
              "isHook": false,
              "skipped": false
            },
            {
              "title": "[API test]: no SHIPPING_SECRET_KEY is provided in headers",
              "fullTitle": "Shipping Management API [API test]: no SHIPPING_SECRET_KEY is provided in headers",
              "timedOut": false,
              "duration": 16,
              "state": "passed",
              "speed": "fast",
              "pass": true,
              "fail": false,
              "pending": false,
              "context": null,
              "code": "chai.request(app)\n  .post('/api/shipping/create')\n  .send({ userId: 1, productId: 2, count: 3 })\n  .end((err, res) => {\n    expect(res).to.have.status(403);\n    expect(res.body.error).to.equal('SHIPPING_SECRET_KEY header is missing');\n    done();\n  });",
              "err": {},
              "uuid": "c74b3765-dc6c-47d3-baa1-5c0b6b17e261",
              "parentUUID": "89b81a80-c1db-4065-967c-56afbec32b34",
              "isHook": false,
              "skipped": false
            },
            {
              "title": "[API test]: invalid SHIPPING_SECRET_KEY is provided in headers",
              "fullTitle": "Shipping Management API [API test]: invalid SHIPPING_SECRET_KEY is provided in headers",
              "timedOut": false,
              "duration": 2,
              "state": "passed",
              "speed": "fast",
              "pass": true,
              "fail": false,
              "pending": false,
              "context": null,
              "code": "chai.request(app)\n  .post('/api/shipping/create')\n  .set('shipping_secret_key', 'invalid_key')\n  .send({ userId: 1, productId: 2, count: 3 })\n  .end((err, res) => {\n    expect(res).to.have.status(403);\n    expect(res.body.error).to.equal('Invalid SHIPPING_SECRET_KEY');\n    done();\n  });",
              "err": {},
              "uuid": "dbdab0d9-d570-4a2f-b27e-472ed7bcae65",
              "parentUUID": "89b81a80-c1db-4065-967c-56afbec32b34",
              "isHook": false,
              "skipped": false
            },
            {
              "title": "[API test]: POST /api/shipping/create, when shipping body is missing/empty",
              "fullTitle": "Shipping Management API [API test]: POST /api/shipping/create, when shipping body is missing/empty",
              "timedOut": false,
              "duration": 1,
              "state": "passed",
              "speed": "fast",
              "pass": true,
              "fail": false,
              "pending": false,
              "context": null,
              "code": "chai.request(app)\n  .post('/api/shipping/create')\n  .set('shipping_secret_key', authKey)\n  .send({})\n  .end((err, res) => {\n    expect(res).to.have.status(404);\n    expect(res.body.message).to.equal('userId, productId, and count are required');\n    done();\n  });",
              "err": {},
              "uuid": "0f2b3458-f1d4-462e-906d-e09018a2b550",
              "parentUUID": "89b81a80-c1db-4065-967c-56afbec32b34",
              "isHook": false,
              "skipped": false
            },
            {
              "title": "[API test]: POST /api/shipping/create, missing userId",
              "fullTitle": "Shipping Management API [API test]: POST /api/shipping/create, missing userId",
              "timedOut": false,
              "duration": 1,
              "state": "passed",
              "speed": "fast",
              "pass": true,
              "fail": false,
              "pending": false,
              "context": null,
              "code": "chai.request(app)\n  .post('/api/shipping/create')\n  .set('shipping_secret_key', authKey)\n  .send({ productId: 2, count: 3 })\n  .end((err, res) => {\n    expect(res).to.have.status(404);\n    expect(res.body.message).to.equal('userId, productId, and count are required');\n    done();\n  });",
              "err": {},
              "uuid": "210c58e5-64cc-4584-8f94-ac0f01053eb9",
              "parentUUID": "89b81a80-c1db-4065-967c-56afbec32b34",
              "isHook": false,
              "skipped": false
            },
            {
              "title": "[API test]: POST /api/shipping/create, missing productId",
              "fullTitle": "Shipping Management API [API test]: POST /api/shipping/create, missing productId",
              "timedOut": false,
              "duration": 1,
              "state": "passed",
              "speed": "fast",
              "pass": true,
              "fail": false,
              "pending": false,
              "context": null,
              "code": "chai.request(app)\n  .post('/api/shipping/create')\n  .set('shipping_secret_key', authKey)\n  .send({ userId: 1, count: 3 })\n  .end((err, res) => {\n    expect(res).to.have.status(404);\n    expect(res.body.message).to.equal('userId, productId, and count are required');\n    done();\n  });",
              "err": {},
              "uuid": "c1aa2f4e-ced7-42ae-83dd-508cdd0fcf92",
              "parentUUID": "89b81a80-c1db-4065-967c-56afbec32b34",
              "isHook": false,
              "skipped": false
            },
            {
              "title": "[API test]: POST /api/shipping/create, missing count",
              "fullTitle": "Shipping Management API [API test]: POST /api/shipping/create, missing count",
              "timedOut": false,
              "duration": 0,
              "state": "passed",
              "speed": "fast",
              "pass": true,
              "fail": false,
              "pending": false,
              "context": null,
              "code": "chai.request(app)\n  .post('/api/shipping/create')\n  .set('shipping_secret_key', authKey)\n  .send({ userId: 1, productId: 2 })\n  .end((err, res) => {\n    expect(res).to.have.status(404);\n    expect(res.body.message).to.equal('userId, productId, and count are required');\n    done();\n  });",
              "err": {},
              "uuid": "1f1e13a3-f792-4dca-896b-6bbfacf79e19",
              "parentUUID": "89b81a80-c1db-4065-967c-56afbec32b34",
              "isHook": false,
              "skipped": false
            },
            {
              "title": "[API test]: POST /api/shipping/create, when everything is provided",
              "fullTitle": "Shipping Management API [API test]: POST /api/shipping/create, when everything is provided",
              "timedOut": false,
              "duration": 3,
              "state": "passed",
              "speed": "fast",
              "pass": true,
              "fail": false,
              "pending": false,
              "context": null,
              "code": "const shippingData = {\n  userId: 1,\n  productId: 2,\n  count: 3\n};\nchai.request(app)\n  .post('/api/shipping/create')\n  .set('shipping_secret_key', authKey)\n  .send(shippingData)\n  .end((err, res) => {\n    expect(res).to.have.status(201);\n    expect(res.body).to.be.an('object');\n    expect(res.body).to.have.property('id');\n    expect(res.body.userId).to.equal(shippingData.userId);\n    expect(res.body.productId).to.equal(shippingData.productId);\n    expect(res.body.count).to.equal(shippingData.count);\n    expect(res.body.status).to.equal('pending');\n    done();\n  });",
              "err": {},
              "uuid": "2214230d-8aa2-4a0d-bddf-3e129f22d429",
              "parentUUID": "89b81a80-c1db-4065-967c-56afbec32b34",
              "isHook": false,
              "skipped": false
            },
            {
              "title": "[API test]: PUT /api/shipping/cancel, shipping id is provided in request body",
              "fullTitle": "Shipping Management API [API test]: PUT /api/shipping/cancel, shipping id is provided in request body",
              "timedOut": false,
              "duration": 11,
              "state": "passed",
              "speed": "fast",
              "pass": true,
              "fail": false,
              "pending": false,
              "context": null,
              "code": "// First create a shipping\nchai.request(app)\n  .post('/api/shipping/create')\n  .set('shipping_secret_key', authKey)\n  .send({ userId: 1, productId: 2, count: 3 })\n  .end((err, res) => {\n    const shippingId = res.body.id;\n    chai.request(app)\n      .put('/api/shipping/cancel')\n      .set('shipping_secret_key', authKey)\n      .send({ shippingId })\n      .end((err, res) => {\n        expect(res).to.have.status(200);\n        expect(res.body.status).to.equal('cancelled');\n        done();\n      });\n  });",
              "err": {},
              "uuid": "cea3b8d2-a3d6-4a11-b704-bdb6022e4333",
              "parentUUID": "89b81a80-c1db-4065-967c-56afbec32b34",
              "isHook": false,
              "skipped": false
            },
            {
              "title": "[API test]: PUT /api/shipping/cancel with missing shippingId",
              "fullTitle": "Shipping Management API [API test]: PUT /api/shipping/cancel with missing shippingId",
              "timedOut": false,
              "duration": 2,
              "state": "passed",
              "speed": "fast",
              "pass": true,
              "fail": false,
              "pending": false,
              "context": null,
              "code": "chai.request(app)\n  .put('/api/shipping/cancel')\n  .set('shipping_secret_key', authKey)\n  .send({})\n  .end((err, res) => {\n    expect(res).to.have.status(404);\n    expect(res.body.message).to.equal('shippingId is required');\n    done();\n  });",
              "err": {},
              "uuid": "93dff67f-ff32-4204-92cd-ed60f10d5147",
              "parentUUID": "89b81a80-c1db-4065-967c-56afbec32b34",
              "isHook": false,
              "skipped": false
            },
            {
              "title": "[API test]: GET /api/shipping/get",
              "fullTitle": "Shipping Management API [API test]: GET /api/shipping/get",
              "timedOut": false,
              "duration": 4,
              "state": "passed",
              "speed": "fast",
              "pass": true,
              "fail": false,
              "pending": false,
              "context": null,
              "code": "// First create a record\nchai.request(app)\n  .post('/api/shipping/create')\n  .set('shipping_secret_key', authKey)\n  .send({ userId: 1, productId: 2, count: 3 })\n  .end(() => {\n    chai.request(app)\n      .get('/api/shipping/get')\n      .set('shipping_secret_key', authKey)\n      .end((err, res) => {\n        expect(res).to.have.status(200);\n        expect(res.body).to.be.an('array');\n        expect(res.body).to.have.lengthOf(1);\n        done();\n      });\n  });",
              "err": {},
              "uuid": "87991580-2a6e-4363-9283-f52e89d21303",
              "parentUUID": "89b81a80-c1db-4065-967c-56afbec32b34",
              "isHook": false,
              "skipped": false
            },
            {
              "title": "[API test]: GET /api/shipping/get?userId=1",
              "fullTitle": "Shipping Management API [API test]: GET /api/shipping/get?userId=1",
              "timedOut": false,
              "duration": 6,
              "state": "passed",
              "speed": "fast",
              "pass": true,
              "fail": false,
              "pending": false,
              "context": null,
              "code": "// Create records for different users\nchai.request(app)\n  .post('/api/shipping/create')\n  .set('shipping_secret_key', authKey)\n  .send({ userId: 1, productId: 2, count: 3 })\n  .end(() => {\n    chai.request(app)\n      .post('/api/shipping/create')\n      .set('shipping_secret_key', authKey)\n      .send({ userId: 2, productId: 3, count: 4 })\n      .end(() => {\n        chai.request(app)\n          .get('/api/shipping/get?userId=1')\n          .set('shipping_secret_key', authKey)\n          .end((err, res) => {\n            expect(res).to.have.status(200);\n            expect(res.body).to.be.an('array');\n            expect(res.body).to.have.lengthOf(1);\n            expect(res.body[0].userId).to.equal(1);\n            done();\n          });\n      });\n  });",
              "err": {},
              "uuid": "4e8501a3-b635-469c-9ea8-d68abb18ef43",
              "parentUUID": "89b81a80-c1db-4065-967c-56afbec32b34",
              "isHook": false,
              "skipped": false
            },
            {
              "title": "[middleware test]: should return 403 if SHIPPING_SECRET_KEY header is missing",
              "fullTitle": "Shipping Management API [middleware test]: should return 403 if SHIPPING_SECRET_KEY header is missing",
              "timedOut": false,
              "duration": 1,
              "state": "passed",
              "speed": "fast",
              "pass": true,
              "fail": false,
              "pending": false,
              "context": null,
              "code": "chai.request(app)\n  .get('/api/shipping/get')\n  .end((err, res) => {\n    expect(res).to.have.status(403);\n    expect(res.body.error).to.equal('SHIPPING_SECRET_KEY header is missing');\n    done();\n  });",
              "err": {},
              "uuid": "8143dc55-bb60-4db6-8076-07f22d710a2e",
              "parentUUID": "89b81a80-c1db-4065-967c-56afbec32b34",
              "isHook": false,
              "skipped": false
            },
            {
              "title": "[middleware test]: should return 403 if SHIPPING_SECRET_KEY is invalid",
              "fullTitle": "Shipping Management API [middleware test]: should return 403 if SHIPPING_SECRET_KEY is invalid",
              "timedOut": false,
              "duration": 1,
              "state": "passed",
              "speed": "fast",
              "pass": true,
              "fail": false,
              "pending": false,
              "context": null,
              "code": "chai.request(app)\n  .get('/api/shipping/get')\n  .set('shipping_secret_key', 'invalid')\n  .end((err, res) => {\n    expect(res).to.have.status(403);\n    expect(res.body.error).to.equal('Invalid SHIPPING_SECRET_KEY');\n    done();\n  });",
              "err": {},
              "uuid": "23bd25da-617c-4ecc-a8de-78df2df8df08",
              "parentUUID": "89b81a80-c1db-4065-967c-56afbec32b34",
              "isHook": false,
              "skipped": false
            },
            {
              "title": "[middleware test]: should call next() if SHIPPING_SECRET_KEY is valid",
              "fullTitle": "Shipping Management API [middleware test]: should call next() if SHIPPING_SECRET_KEY is valid",
              "timedOut": false,
              "duration": 1,
              "state": "passed",
              "speed": "fast",
              "pass": true,
              "fail": false,
              "pending": false,
              "context": null,
              "code": "chai.request(app)\n  .get('/api/shipping/get')\n  .set('shipping_secret_key', authKey)\n  .end((err, res) => {\n    expect(res).to.have.status(200);\n    done();\n  });",
              "err": {},
              "uuid": "d67b6eb9-82fd-4efc-8cf4-b97b18b2e2cf",
              "parentUUID": "89b81a80-c1db-4065-967c-56afbec32b34",
              "isHook": false,
              "skipped": false
            }
          ],
          "suites": [],
          "passes": [
            "f7b029bf-8d46-4602-a905-546f13f3805d",
            "1ca9fd0c-c17e-46c9-b5ef-f979288d5d9f",
            "c74b3765-dc6c-47d3-baa1-5c0b6b17e261",
            "dbdab0d9-d570-4a2f-b27e-472ed7bcae65",
            "0f2b3458-f1d4-462e-906d-e09018a2b550",
            "210c58e5-64cc-4584-8f94-ac0f01053eb9",
            "c1aa2f4e-ced7-42ae-83dd-508cdd0fcf92",
            "1f1e13a3-f792-4dca-896b-6bbfacf79e19",
            "2214230d-8aa2-4a0d-bddf-3e129f22d429",
            "cea3b8d2-a3d6-4a11-b704-bdb6022e4333",
            "93dff67f-ff32-4204-92cd-ed60f10d5147",
            "87991580-2a6e-4363-9283-f52e89d21303",
            "4e8501a3-b635-469c-9ea8-d68abb18ef43",
            "8143dc55-bb60-4db6-8076-07f22d710a2e",
            "23bd25da-617c-4ecc-a8de-78df2df8df08",
            "d67b6eb9-82fd-4efc-8cf4-b97b18b2e2cf"
          ],
          "failures": [],
          "pending": [],
          "skipped": [],
          "duration": 80,
          "root": false,
          "rootEmpty": false,
          "_timeout": 6000
        }
      ],
      "passes": [],
      "failures": [],
      "pending": [],
      "skipped": [],
      "duration": 0,
      "root": true,
      "rootEmpty": true,
      "_timeout": 6000
    }
  ],
  "meta": {
    "mocha": {
      "version": "8.4.0"
    },
    "mochawesome": {
      "options": {
        "quiet": false,
        "reportFilename": "mochawesome",
        "saveHtml": true,
        "saveJson": true,
        "consoleReporter": "spec",
        "useInlineDiffs": false,
        "code": true
      },
      "version": "6.1.1"
    },
    "marge": {
      "options": null,
      "version": "5.2.0"
    }
  }
}