{
  "stats": {
    "suites": 1,
    "tests": 16,
    "passes": 16,
    "pending": 0,
    "failures": 0,
    "start": "2025-11-24T15:48:21.099Z",
    "end": "2025-11-24T15:48:21.627Z",
    "duration": 528,
    "testsRegistered": 16,
    "passPercent": 100,
    "pendingPercent": 0,
    "other": 0,
    "hasOther": false,
    "skipped": 0,
    "hasSkipped": false
  },
  "results": [
    {
      "uuid": "b3ceedeb-c0c6-43b8-aa5e-816ebce38692",
      "title": "",
      "fullFile": "",
      "file": "",
      "beforeHooks": [],
      "afterHooks": [],
      "tests": [],
      "suites": [
        {
          "uuid": "96f73dab-dd7f-4fc9-964e-cdb2adb74a27",
          "title": "Shipping Management API",
          "fullFile": "/Users/n2/Downloads/CRUD-API-for-Cart-Management-Using-Express-Prisma-and-MySQL---AP---LAB---p6s9rmy2ailz-master/CRUD-API-for-Shipping-Management-using-Express-Prisma-and-MySQL---CRUD---Post---4dlijjzrsmtn/__tests__/shipping.test.js",
          "file": "/__tests__/shipping.test.js",
          "beforeHooks": [
            {
              "title": "\"before each\" hook in \"Shipping Management API\"",
              "fullTitle": "Shipping Management API \"before each\" hook in \"Shipping Management API\"",
              "timedOut": false,
              "duration": 1,
              "state": null,
              "speed": null,
              "pass": false,
              "fail": false,
              "pending": false,
              "context": null,
              "code": "// Clear the database\nawait prisma.shipping.deleteMany({});",
              "err": {},
              "uuid": "b19b2dbe-cd1b-468b-be1f-6c1eb9d18678",
              "parentUUID": "96f73dab-dd7f-4fc9-964e-cdb2adb74a27",
              "isHook": true,
              "skipped": false
            }
          ],
          "afterHooks": [
            {
              "title": "\"after all\" hook in \"Shipping Management API\"",
              "fullTitle": "Shipping Management API \"after all\" hook in \"Shipping Management API\"",
              "timedOut": false,
              "duration": 6,
              "state": null,
              "speed": null,
              "pass": false,
              "fail": false,
              "pending": false,
              "context": null,
              "code": "// Close the connection\nawait prisma.$disconnect();",
              "err": {},
              "uuid": "57197264-d32a-42df-bcad-dd5aca28128c",
              "parentUUID": "96f73dab-dd7f-4fc9-964e-cdb2adb74a27",
              "isHook": true,
              "skipped": false
            }
          ],
          "tests": [
            {
              "title": "should find the shipping table in db",
              "fullTitle": "Shipping Management API should find the shipping table in db",
              "timedOut": false,
              "duration": 26,
              "state": "passed",
              "speed": "fast",
              "pass": true,
              "fail": false,
              "pending": false,
              "context": null,
              "code": "// This test just checks if we can query the table\nconst count = await prisma.shipping.count();\nexpect(count).to.equal(0);",
              "err": {},
              "uuid": "ffda1e94-8118-4d2a-b035-e27d29eec683",
              "parentUUID": "96f73dab-dd7f-4fc9-964e-cdb2adb74a27",
              "isHook": false,
              "skipped": false
            },
            {
              "title": "check if userId, count, productId, id are integers and status is string and set to pending by default, and id is autoincremented",
              "fullTitle": "Shipping Management API check if userId, count, productId, id are integers and status is string and set to pending by default, and id is autoincremented",
              "timedOut": false,
              "duration": 25,
              "state": "passed",
              "speed": "fast",
              "pass": true,
              "fail": false,
              "pending": false,
              "context": null,
              "code": "const shipping = await prisma.shipping.create({\n  data: {\n    userId: 1,\n    productId: 2,\n    count: 3\n  }\n});\nexpect(shipping.id).to.be.a('number');\nexpect(shipping.userId).to.be.a('number');\nexpect(shipping.productId).to.be.a('number');\nexpect(shipping.count).to.be.a('number');\nexpect(shipping.status).to.be.a('string');\nexpect(shipping.status).to.equal('pending');",
              "err": {},
              "uuid": "c02c14d3-b602-422a-943b-336416295c02",
              "parentUUID": "96f73dab-dd7f-4fc9-964e-cdb2adb74a27",
              "isHook": false,
              "skipped": false
            },
            {
              "title": "[API test]: no SHIPPING_SECRET_KEY is provided in headers",
              "fullTitle": "Shipping Management API [API test]: no SHIPPING_SECRET_KEY is provided in headers",
              "timedOut": false,
              "duration": 15,
              "state": "passed",
              "speed": "fast",
              "pass": true,
              "fail": false,
              "pending": false,
              "context": null,
              "code": "chai.request(app)\n  .post('/api/shipping/create')\n  .send({ userId: 1, productId: 2, count: 3 })\n  .end((err, res) => {\n    expect(res).to.have.status(403);\n    expect(res.body.error).to.equal('SHIPPING_SECRET_KEY header is missing');\n    done();\n  });",
              "err": {},
              "uuid": "de061195-09b1-471b-ad60-c66e3cec8dc6",
              "parentUUID": "96f73dab-dd7f-4fc9-964e-cdb2adb74a27",
              "isHook": false,
              "skipped": false
            },
            {
              "title": "[API test]: invalid SHIPPING_SECRET_KEY is provided in headers",
              "fullTitle": "Shipping Management API [API test]: invalid SHIPPING_SECRET_KEY is provided in headers",
              "timedOut": false,
              "duration": 1,
              "state": "passed",
              "speed": "fast",
              "pass": true,
              "fail": false,
              "pending": false,
              "context": null,
              "code": "chai.request(app)\n  .post('/api/shipping/create')\n  .set('shipping_secret_key', 'invalid_key')\n  .send({ userId: 1, productId: 2, count: 3 })\n  .end((err, res) => {\n    expect(res).to.have.status(403);\n    expect(res.body.error).to.equal('Invalid SHIPPING_SECRET_KEY');\n    done();\n  });",
              "err": {},
              "uuid": "7ca2c328-6147-4b83-b28f-4121e35f9865",
              "parentUUID": "96f73dab-dd7f-4fc9-964e-cdb2adb74a27",
              "isHook": false,
              "skipped": false
            },
            {
              "title": "[API test]: POST /api/shipping/create, when shipping body is missing/empty",
              "fullTitle": "Shipping Management API [API test]: POST /api/shipping/create, when shipping body is missing/empty",
              "timedOut": false,
              "duration": 1,
              "state": "passed",
              "speed": "fast",
              "pass": true,
              "fail": false,
              "pending": false,
              "context": null,
              "code": "chai.request(app)\n  .post('/api/shipping/create')\n  .set('shipping_secret_key', authKey)\n  .send({})\n  .end((err, res) => {\n    expect(res).to.have.status(404);\n    expect(res.body.message).to.equal('userId, productId, and count are required');\n    done();\n  });",
              "err": {},
              "uuid": "a9cececb-bf78-4773-bbc6-0dd58e0de766",
              "parentUUID": "96f73dab-dd7f-4fc9-964e-cdb2adb74a27",
              "isHook": false,
              "skipped": false
            },
            {
              "title": "[API test]: POST /api/shipping/create, missing userId",
              "fullTitle": "Shipping Management API [API test]: POST /api/shipping/create, missing userId",
              "timedOut": false,
              "duration": 1,
              "state": "passed",
              "speed": "fast",
              "pass": true,
              "fail": false,
              "pending": false,
              "context": null,
              "code": "chai.request(app)\n  .post('/api/shipping/create')\n  .set('shipping_secret_key', authKey)\n  .send({ productId: 2, count: 3 })\n  .end((err, res) => {\n    expect(res).to.have.status(404);\n    expect(res.body.message).to.equal('userId, productId, and count are required');\n    done();\n  });",
              "err": {},
              "uuid": "918f463f-8184-4913-a717-2b45be34a310",
              "parentUUID": "96f73dab-dd7f-4fc9-964e-cdb2adb74a27",
              "isHook": false,
              "skipped": false
            },
            {
              "title": "[API test]: POST /api/shipping/create, missing productId",
              "fullTitle": "Shipping Management API [API test]: POST /api/shipping/create, missing productId",
              "timedOut": false,
              "duration": 1,
              "state": "passed",
              "speed": "fast",
              "pass": true,
              "fail": false,
              "pending": false,
              "context": null,
              "code": "chai.request(app)\n  .post('/api/shipping/create')\n  .set('shipping_secret_key', authKey)\n  .send({ userId: 1, count: 3 })\n  .end((err, res) => {\n    expect(res).to.have.status(404);\n    expect(res.body.message).to.equal('userId, productId, and count are required');\n    done();\n  });",
              "err": {},
              "uuid": "628d4751-8f70-4859-8c78-fcd7ad46eb71",
              "parentUUID": "96f73dab-dd7f-4fc9-964e-cdb2adb74a27",
              "isHook": false,
              "skipped": false
            },
            {
              "title": "[API test]: POST /api/shipping/create, missing count",
              "fullTitle": "Shipping Management API [API test]: POST /api/shipping/create, missing count",
              "timedOut": false,
              "duration": 0,
              "state": "passed",
              "speed": "fast",
              "pass": true,
              "fail": false,
              "pending": false,
              "context": null,
              "code": "chai.request(app)\n  .post('/api/shipping/create')\n  .set('shipping_secret_key', authKey)\n  .send({ userId: 1, productId: 2 })\n  .end((err, res) => {\n    expect(res).to.have.status(404);\n    expect(res.body.message).to.equal('userId, productId, and count are required');\n    done();\n  });",
              "err": {},
              "uuid": "8442007f-1eb2-4967-9636-e24ccf8c2f58",
              "parentUUID": "96f73dab-dd7f-4fc9-964e-cdb2adb74a27",
              "isHook": false,
              "skipped": false
            },
            {
              "title": "[API test]: POST /api/shipping/create, when everything is provided",
              "fullTitle": "Shipping Management API [API test]: POST /api/shipping/create, when everything is provided",
              "timedOut": false,
              "duration": 3,
              "state": "passed",
              "speed": "fast",
              "pass": true,
              "fail": false,
              "pending": false,
              "context": null,
              "code": "const shippingData = {\n  userId: 1,\n  productId: 2,\n  count: 3\n};\nchai.request(app)\n  .post('/api/shipping/create')\n  .set('shipping_secret_key', authKey)\n  .send(shippingData)\n  .end((err, res) => {\n    expect(res).to.have.status(201);\n    expect(res.body).to.be.an('object');\n    expect(res.body).to.have.property('id');\n    expect(res.body.userId).to.equal(shippingData.userId);\n    expect(res.body.productId).to.equal(shippingData.productId);\n    expect(res.body.count).to.equal(shippingData.count);\n    expect(res.body.status).to.equal('pending');\n    done();\n  });",
              "err": {},
              "uuid": "1315d596-13f4-4f57-906d-5c37f44bbf28",
              "parentUUID": "96f73dab-dd7f-4fc9-964e-cdb2adb74a27",
              "isHook": false,
              "skipped": false
            },
            {
              "title": "[API test]: PUT /api/shipping/cancel, shipping id is provided in request body",
              "fullTitle": "Shipping Management API [API test]: PUT /api/shipping/cancel, shipping id is provided in request body",
              "timedOut": false,
              "duration": 10,
              "state": "passed",
              "speed": "fast",
              "pass": true,
              "fail": false,
              "pending": false,
              "context": null,
              "code": "// First create a shipping\nchai.request(app)\n  .post('/api/shipping/create')\n  .set('shipping_secret_key', authKey)\n  .send({ userId: 1, productId: 2, count: 3 })\n  .end((err, res) => {\n    const shippingId = res.body.id;\n    chai.request(app)\n      .put('/api/shipping/cancel')\n      .set('shipping_secret_key', authKey)\n      .send({ shippingId })\n      .end((err, res) => {\n        expect(res).to.have.status(200);\n        expect(res.body.status).to.equal('cancelled');\n        done();\n      });\n  });",
              "err": {},
              "uuid": "f892005f-3dd6-4615-83b7-0323d74769a0",
              "parentUUID": "96f73dab-dd7f-4fc9-964e-cdb2adb74a27",
              "isHook": false,
              "skipped": false
            },
            {
              "title": "[API test]: PUT /api/shipping/cancel with missing shippingId",
              "fullTitle": "Shipping Management API [API test]: PUT /api/shipping/cancel with missing shippingId",
              "timedOut": false,
              "duration": 2,
              "state": "passed",
              "speed": "fast",
              "pass": true,
              "fail": false,
              "pending": false,
              "context": null,
              "code": "chai.request(app)\n  .put('/api/shipping/cancel')\n  .set('shipping_secret_key', authKey)\n  .send({})\n  .end((err, res) => {\n    expect(res).to.have.status(404);\n    expect(res.body.message).to.equal('shippingId is required');\n    done();\n  });",
              "err": {},
              "uuid": "6adea505-40a2-4713-a5f5-8dc2b6310c38",
              "parentUUID": "96f73dab-dd7f-4fc9-964e-cdb2adb74a27",
              "isHook": false,
              "skipped": false
            },
            {
              "title": "[API test]: GET /api/shipping/get",
              "fullTitle": "Shipping Management API [API test]: GET /api/shipping/get",
              "timedOut": false,
              "duration": 3,
              "state": "passed",
              "speed": "fast",
              "pass": true,
              "fail": false,
              "pending": false,
              "context": null,
              "code": "// First create a record\nchai.request(app)\n  .post('/api/shipping/create')\n  .set('shipping_secret_key', authKey)\n  .send({ userId: 1, productId: 2, count: 3 })\n  .end(() => {\n    chai.request(app)\n      .get('/api/shipping/get')\n      .set('shipping_secret_key', authKey)\n      .end((err, res) => {\n        expect(res).to.have.status(200);\n        expect(res.body).to.be.an('array');\n        expect(res.body).to.have.lengthOf(1);\n        done();\n      });\n  });",
              "err": {},
              "uuid": "a7ccee6c-c513-416f-9c3d-92bfc55da287",
              "parentUUID": "96f73dab-dd7f-4fc9-964e-cdb2adb74a27",
              "isHook": false,
              "skipped": false
            },
            {
              "title": "[API test]: GET /api/shipping/get?userId=1",
              "fullTitle": "Shipping Management API [API test]: GET /api/shipping/get?userId=1",
              "timedOut": false,
              "duration": 26,
              "state": "passed",
              "speed": "fast",
              "pass": true,
              "fail": false,
              "pending": false,
              "context": null,
              "code": "// Create records for different users\nchai.request(app)\n  .post('/api/shipping/create')\n  .set('shipping_secret_key', authKey)\n  .send({ userId: 1, productId: 2, count: 3 })\n  .end(() => {\n    chai.request(app)\n      .post('/api/shipping/create')\n      .set('shipping_secret_key', authKey)\n      .send({ userId: 2, productId: 3, count: 4 })\n      .end(() => {\n        chai.request(app)\n          .get('/api/shipping/get?userId=1')\n          .set('shipping_secret_key', authKey)\n          .end((err, res) => {\n            expect(res).to.have.status(200);\n            expect(res.body).to.be.an('array');\n            expect(res.body).to.have.lengthOf(1);\n            expect(res.body[0].userId).to.equal(1);\n            done();\n          });\n      });\n  });",
              "err": {},
              "uuid": "dec2b79a-cb90-49e1-ae53-e9b282e4ebff",
              "parentUUID": "96f73dab-dd7f-4fc9-964e-cdb2adb74a27",
              "isHook": false,
              "skipped": false
            },
            {
              "title": "[middleware test]: should return 403 if SHIPPING_SECRET_KEY header is missing",
              "fullTitle": "Shipping Management API [middleware test]: should return 403 if SHIPPING_SECRET_KEY header is missing",
              "timedOut": false,
              "duration": 1,
              "state": "passed",
              "speed": "fast",
              "pass": true,
              "fail": false,
              "pending": false,
              "context": null,
              "code": "chai.request(app)\n  .get('/api/shipping/get')\n  .end((err, res) => {\n    expect(res).to.have.status(403);\n    expect(res.body.error).to.equal('SHIPPING_SECRET_KEY header is missing');\n    done();\n  });",
              "err": {},
              "uuid": "58d90f29-4dbe-4673-8626-82ecd3392541",
              "parentUUID": "96f73dab-dd7f-4fc9-964e-cdb2adb74a27",
              "isHook": false,
              "skipped": false
            },
            {
              "title": "[middleware test]: should return 403 if SHIPPING_SECRET_KEY is invalid",
              "fullTitle": "Shipping Management API [middleware test]: should return 403 if SHIPPING_SECRET_KEY is invalid",
              "timedOut": false,
              "duration": 1,
              "state": "passed",
              "speed": "fast",
              "pass": true,
              "fail": false,
              "pending": false,
              "context": null,
              "code": "chai.request(app)\n  .get('/api/shipping/get')\n  .set('shipping_secret_key', 'invalid')\n  .end((err, res) => {\n    expect(res).to.have.status(403);\n    expect(res.body.error).to.equal('Invalid SHIPPING_SECRET_KEY');\n    done();\n  });",
              "err": {},
              "uuid": "676b6e6a-d2da-4871-b7ae-f96aa21f61cd",
              "parentUUID": "96f73dab-dd7f-4fc9-964e-cdb2adb74a27",
              "isHook": false,
              "skipped": false
            },
            {
              "title": "[middleware test]: should call next() if SHIPPING_SECRET_KEY is valid",
              "fullTitle": "Shipping Management API [middleware test]: should call next() if SHIPPING_SECRET_KEY is valid",
              "timedOut": false,
              "duration": 1,
              "state": "passed",
              "speed": "fast",
              "pass": true,
              "fail": false,
              "pending": false,
              "context": null,
              "code": "chai.request(app)\n  .get('/api/shipping/get')\n  .set('shipping_secret_key', authKey)\n  .end((err, res) => {\n    expect(res).to.have.status(200);\n    done();\n  });",
              "err": {},
              "uuid": "b0d0d067-d363-4a0e-a78c-982587bff92f",
              "parentUUID": "96f73dab-dd7f-4fc9-964e-cdb2adb74a27",
              "isHook": false,
              "skipped": false
            }
          ],
          "suites": [],
          "passes": [
            "ffda1e94-8118-4d2a-b035-e27d29eec683",
            "c02c14d3-b602-422a-943b-336416295c02",
            "de061195-09b1-471b-ad60-c66e3cec8dc6",
            "7ca2c328-6147-4b83-b28f-4121e35f9865",
            "a9cececb-bf78-4773-bbc6-0dd58e0de766",
            "918f463f-8184-4913-a717-2b45be34a310",
            "628d4751-8f70-4859-8c78-fcd7ad46eb71",
            "8442007f-1eb2-4967-9636-e24ccf8c2f58",
            "1315d596-13f4-4f57-906d-5c37f44bbf28",
            "f892005f-3dd6-4615-83b7-0323d74769a0",
            "6adea505-40a2-4713-a5f5-8dc2b6310c38",
            "a7ccee6c-c513-416f-9c3d-92bfc55da287",
            "dec2b79a-cb90-49e1-ae53-e9b282e4ebff",
            "58d90f29-4dbe-4673-8626-82ecd3392541",
            "676b6e6a-d2da-4871-b7ae-f96aa21f61cd",
            "b0d0d067-d363-4a0e-a78c-982587bff92f"
          ],
          "failures": [],
          "pending": [],
          "skipped": [],
          "duration": 117,
          "root": false,
          "rootEmpty": false,
          "_timeout": 6000
        }
      ],
      "passes": [],
      "failures": [],
      "pending": [],
      "skipped": [],
      "duration": 0,
      "root": true,
      "rootEmpty": true,
      "_timeout": 6000
    }
  ],
  "meta": {
    "mocha": {
      "version": "8.4.0"
    },
    "mochawesome": {
      "options": {
        "quiet": false,
        "reportFilename": "mochawesome",
        "saveHtml": true,
        "saveJson": true,
        "consoleReporter": "spec",
        "useInlineDiffs": false,
        "code": true
      },
      "version": "6.1.1"
    },
    "marge": {
      "options": null,
      "version": "5.2.0"
    }
  }
}